\BOOKMARK [0][-]{chapter.1}{\376\377\000I\000n\000t\000r\000o\000d\000u\000c\000t\000i\000o\000n}{}% 1
\BOOKMARK [0][-]{chapter.2}{\376\377\000P\000a\000r\000a\000l\000l\000e\000l\000.\000G\000A\000M\000I\000T}{}% 2
\BOOKMARK [1][-]{section.2.1}{\376\377\000c\000l\000a\000s\000s\000e\000s\000\040\000p\000a\000c\000k\000a\000g\000e}{chapter.2}% 3
\BOOKMARK [2][-]{subsection.2.1.1}{\376\377\000S\000u\000b\000m\000o\000d\000u\000l\000e\000s}{section.2.1}% 4
\BOOKMARK [2][-]{subsection.2.1.2}{\376\377\000c\000l\000a\000s\000s\000e\000s\000.\000U\000t\000i\000l\000s\000\040\000m\000o\000d\000u\000l\000e}{section.2.1}% 5
\BOOKMARK [2][-]{subsection.2.1.3}{\376\377\000c\000l\000a\000s\000s\000e\000s\000.\000d\000b\000C\000o\000n\000n\000e\000c\000t\000i\000o\000n\000\040\000m\000o\000d\000u\000l\000e}{section.2.1}% 6
\BOOKMARK [2][-]{subsection.2.1.4}{\376\377\000c\000l\000a\000s\000s\000e\000s\000.\000p\000y\000A\000r\000c\000h\000i\000v\000e\000S\000t\000r\000u\000c\000t\000\040\000m\000o\000d\000u\000l\000e}{section.2.1}% 7
\BOOKMARK [2][-]{subsection.2.1.5}{\376\377\000c\000l\000a\000s\000s\000e\000s\000.\000p\000y\000B\000r\000d\000c\000\040\000m\000o\000d\000u\000l\000e}{section.2.1}% 8
\BOOKMARK [2][-]{subsection.2.1.6}{\376\377\000c\000l\000a\000s\000s\000e\000s\000.\000p\000y\000B\000u\000n\000c\000h\000\040\000m\000o\000d\000u\000l\000e}{section.2.1}% 9
\BOOKMARK [2][-]{subsection.2.1.7}{\376\377\000c\000l\000a\000s\000s\000e\000s\000.\000p\000y\000C\000l\000k\000\040\000m\000o\000d\000u\000l\000e}{section.2.1}% 10
\BOOKMARK [2][-]{subsection.2.1.8}{\376\377\000c\000l\000a\000s\000s\000e\000s\000.\000p\000y\000C\000o\000m\000p\000r\000e\000s\000s\000\040\000m\000o\000d\000u\000l\000e}{section.2.1}% 11
\BOOKMARK [2][-]{subsection.2.1.9}{\376\377\000c\000l\000a\000s\000s\000e\000s\000.\000p\000y\000D\000a\000t\000e\000\040\000m\000o\000d\000u\000l\000e}{section.2.1}% 12
\BOOKMARK [2][-]{subsection.2.1.10}{\376\377\000c\000l\000a\000s\000s\000e\000s\000.\000p\000y\000E\000O\000P\000\040\000m\000o\000d\000u\000l\000e}{section.2.1}% 13
\BOOKMARK [2][-]{subsection.2.1.11}{\376\377\000c\000l\000a\000s\000s\000e\000s\000.\000p\000y\000E\000T\000M\000\040\000m\000o\000d\000u\000l\000e}{section.2.1}% 14
\BOOKMARK [2][-]{subsection.2.1.12}{\376\377\000c\000l\000a\000s\000s\000e\000s\000.\000p\000y\000E\000v\000e\000n\000t\000s\000\040\000m\000o\000d\000u\000l\000e}{section.2.1}% 15
\BOOKMARK [2][-]{subsection.2.1.13}{\376\377\000c\000l\000a\000s\000s\000e\000s\000.\000p\000y\000J\000o\000b\000S\000e\000r\000v\000e\000r\000\040\000m\000o\000d\000u\000l\000e}{section.2.1}% 16
\BOOKMARK [2][-]{subsection.2.1.14}{\376\377\000c\000l\000a\000s\000s\000e\000s\000.\000p\000y\000L\000e\000a\000s\000t\000S\000q\000u\000a\000r\000e\000s\000\040\000m\000o\000d\000u\000l\000e}{section.2.1}% 17
\BOOKMARK [2][-]{subsection.2.1.15}{\376\377\000c\000l\000a\000s\000s\000e\000s\000.\000p\000y\000O\000T\000L\000\040\000m\000o\000d\000u\000l\000e}{section.2.1}% 18
\BOOKMARK [2][-]{subsection.2.1.16}{\376\377\000c\000l\000a\000s\000s\000e\000s\000.\000p\000y\000O\000k\000a\000d\000a\000\040\000m\000o\000d\000u\000l\000e}{section.2.1}% 19
\BOOKMARK [3][-]{subsubsection*.184}{\376\377\000O\000k\000a\000d\000a\000\040\000c\000o\000d\000e\000\040\000T\000r\000a\000n\000s\000l\000a\000t\000e\000d\000\040\000f\000r\000o\000m\000\040\000M\000a\000t\000l\000a\000b\000\040\000t\000o\000\040\000P\000y\000t\000h\000o\000n\000.\000\040\000O\000r\000i\000g\000i\000n\000a\000l\000\040\000b\000y\000\040\000M\000i\000c\000h\000a\000e\000l\000\040\000B\000e\000v\000i\000s\000\040\000b\000a\000s\000e\000d\000\040\000o\000n\000\040\000O\000k\000a\000d\000a\000\040\0001\0009\0008\0005}{subsection.2.1.16}% 20
\BOOKMARK [2][-]{subsection.2.1.17}{\376\377\000c\000l\000a\000s\000s\000e\000s\000.\000p\000y\000O\000p\000t\000i\000o\000n\000s\000\040\000m\000o\000d\000u\000l\000e}{section.2.1}% 21
\BOOKMARK [2][-]{subsection.2.1.18}{\376\377\000c\000l\000a\000s\000s\000e\000s\000.\000p\000y\000P\000P\000P\000\040\000m\000o\000d\000u\000l\000e}{section.2.1}% 22
\BOOKMARK [2][-]{subsection.2.1.19}{\376\377\000c\000l\000a\000s\000s\000e\000s\000.\000p\000y\000P\000a\000r\000s\000e\000A\000n\000t\000e\000x\000\040\000m\000o\000d\000u\000l\000e}{section.2.1}% 23
\BOOKMARK [2][-]{subsection.2.1.20}{\376\377\000c\000l\000a\000s\000s\000e\000s\000.\000p\000y\000P\000r\000o\000d\000u\000c\000t\000s\000\040\000m\000o\000d\000u\000l\000e}{section.2.1}% 24
\BOOKMARK [2][-]{subsection.2.1.21}{\376\377\000c\000l\000a\000s\000s\000e\000s\000.\000p\000y\000R\000i\000n\000e\000x\000\040\000m\000o\000d\000u\000l\000e}{section.2.1}% 25
\BOOKMARK [2][-]{subsection.2.1.22}{\376\377\000c\000l\000a\000s\000s\000e\000s\000.\000p\000y\000R\000i\000n\000e\000x\000N\000a\000m\000e\000\040\000m\000o\000d\000u\000l\000e}{section.2.1}% 26
\BOOKMARK [2][-]{subsection.2.1.23}{\376\377\000c\000l\000a\000s\000s\000e\000s\000.\000p\000y\000R\000u\000n\000W\000i\000t\000h\000R\000e\000t\000r\000y\000\040\000m\000o\000d\000u\000l\000e}{section.2.1}% 27
\BOOKMARK [2][-]{subsection.2.1.24}{\376\377\000c\000l\000a\000s\000s\000e\000s\000.\000p\000y\000S\000p\0003\000\040\000m\000o\000d\000u\000l\000e}{section.2.1}% 28
\BOOKMARK [2][-]{subsection.2.1.25}{\376\377\000c\000l\000a\000s\000s\000e\000s\000.\000p\000y\000S\000t\000a\000t\000i\000c\0001\000d\000\040\000m\000o\000d\000u\000l\000e}{section.2.1}% 29
\BOOKMARK [2][-]{subsection.2.1.26}{\376\377\000c\000l\000a\000s\000s\000e\000s\000.\000p\000y\000S\000t\000a\000t\000i\000o\000n\000I\000n\000f\000o\000\040\000m\000o\000d\000u\000l\000e}{section.2.1}% 30
\BOOKMARK [2][-]{subsection.2.1.27}{\376\377\000c\000l\000a\000s\000s\000e\000s\000.\000p\000y\000T\000e\000r\000m\000i\000n\000a\000l\000\040\000m\000o\000d\000u\000l\000e}{section.2.1}% 31
\BOOKMARK [2][-]{subsection.2.1.28}{\376\377\000c\000l\000a\000s\000s\000e\000s\000.\000p\000y\000T\000r\000i\000m\000b\000l\000e\000T\0000\000x\000\040\000m\000o\000d\000u\000l\000e}{section.2.1}% 32
\BOOKMARK [2][-]{subsection.2.1.29}{\376\377\000c\000l\000a\000s\000s\000e\000s\000.\000p\000y\000V\000o\000r\000o\000n\000o\000i\000\040\000m\000o\000d\000u\000l\000e}{section.2.1}% 33
\BOOKMARK [2][-]{subsection.2.1.30}{\376\377\000c\000l\000a\000s\000s\000e\000s\000.\000p\000y\000Z\000T\000D\000\040\000m\000o\000d\000u\000l\000e}{section.2.1}% 34
\BOOKMARK [2][-]{subsection.2.1.31}{\376\377\000c\000l\000a\000s\000s\000e\000s\000.\000s\000n\000x\000P\000a\000r\000s\000e\000\040\000m\000o\000d\000u\000l\000e}{section.2.1}% 35
\BOOKMARK [2][-]{subsection.2.1.32}{\376\377\000M\000o\000d\000u\000l\000e\000\040\000c\000o\000n\000t\000e\000n\000t\000s}{section.2.1}% 36
\BOOKMARK [1][-]{section.2.2}{\376\377\000c\000o\000m\000\040\000p\000a\000c\000k\000a\000g\000e}{chapter.2}% 37
\BOOKMARK [2][-]{subsection.2.2.1}{\376\377\000S\000u\000b\000m\000o\000d\000u\000l\000e\000s}{section.2.2}% 38
\BOOKMARK [2][-]{subsection.2.2.2}{\376\377\000c\000o\000m\000.\000A\000l\000t\000e\000r\000E\000T\000M\000\040\000m\000o\000d\000u\000l\000e}{section.2.2}% 39
\BOOKMARK [3][-]{subsubsection*.387}{\376\377\000A\000l\000t\000e\000r\000E\000T\000M\000.\000p\000y\000\040\000-\000\040\000C\000L\000I\000\040\000i\000n\000t\000e\000r\000f\000a\000c\000e}{subsection.2.2.2}% 40
\BOOKMARK [4][-]{paragraph*.388}{\376\377\000A\000l\000t\000e\000r\000E\000T\000M\000.\000p\000y\000\040\000p\000o\000s\000i\000t\000i\000o\000n\000a\000l\000\040\000a\000r\000g\000u\000m\000e\000n\000t\000s}{subsubsection*.387}% 41
\BOOKMARK [4][-]{paragraph*.389}{\376\377\000A\000l\000t\000e\000r\000E\000T\000M\000.\000p\000y\000\040\000o\000p\000t\000i\000o\000n\000s}{subsubsection*.387}% 42
\BOOKMARK [2][-]{subsection.2.2.3}{\376\377\000c\000o\000m\000.\000A\000p\000p\000l\000y\000C\000o\000u\000n\000t\000r\000y\000C\000o\000d\000e\000\040\000m\000o\000d\000u\000l\000e}{section.2.2}% 43
\BOOKMARK [2][-]{subsection.2.2.4}{\376\377\000c\000o\000m\000.\000A\000r\000c\000h\000i\000v\000e\000S\000e\000r\000v\000i\000c\000e\000\040\000m\000o\000d\000u\000l\000e}{section.2.2}% 44
\BOOKMARK [3][-]{subsubsection*.390}{\376\377\000A\000r\000c\000h\000i\000v\000e\000S\000e\000r\000v\000i\000c\000e}{subsection.2.2.4}% 45
\BOOKMARK [3][-]{subsubsection*.402}{\376\377\000A\000r\000c\000h\000i\000v\000e\000S\000e\000r\000v\000i\000c\000e\000.\000p\000y\000\040\000-\000\040\000C\000L\000I\000\040\000i\000n\000t\000e\000r\000f\000a\000c\000e}{subsection.2.2.4}% 46
\BOOKMARK [4][-]{paragraph*.403}{\376\377\000A\000r\000c\000h\000i\000v\000e\000S\000e\000r\000v\000i\000c\000e\000.\000p\000y\000\040\000o\000p\000t\000i\000o\000n\000s}{subsubsection*.402}% 47
\BOOKMARK [2][-]{subsection.2.2.5}{\376\377\000c\000o\000m\000.\000C\000l\000o\000s\000e\000S\000t\000a\000t\000i\000o\000n\000I\000n\000f\000o\000\040\000m\000o\000d\000u\000l\000e}{section.2.2}% 48
\BOOKMARK [3][-]{subsubsection*.405}{\376\377\000C\000l\000o\000s\000e\000S\000t\000a\000t\000i\000o\000n\000I\000n\000f\000o\000.\000p\000y\000\040\000-\000\040\000C\000L\000I\000\040\000i\000n\000t\000e\000r\000f\000a\000c\000e}{subsection.2.2.5}% 49
\BOOKMARK [4][-]{paragraph*.406}{\376\377\000C\000l\000o\000s\000e\000S\000t\000a\000t\000i\000o\000n\000I\000n\000f\000o\000.\000p\000y\000\040\000p\000o\000s\000i\000t\000i\000o\000n\000a\000l\000\040\000a\000r\000g\000u\000m\000e\000n\000t\000s}{subsubsection*.405}% 50
\BOOKMARK [4][-]{paragraph*.407}{\376\377\000C\000l\000o\000s\000e\000S\000t\000a\000t\000i\000o\000n\000I\000n\000f\000o\000.\000p\000y\000\040\000o\000p\000t\000i\000o\000n\000s}{subsubsection*.405}% 51
\BOOKMARK [2][-]{subsection.2.2.6}{\376\377\000c\000o\000m\000.\000C\000o\000m\000p\000a\000r\000e\000D\000B\000s\000\040\000m\000o\000d\000u\000l\000e}{section.2.2}% 52
\BOOKMARK [2][-]{subsection.2.2.7}{\376\377\000c\000o\000m\000.\000C\000o\000n\000v\000e\000r\000t\000D\000a\000t\000e\000\040\000m\000o\000d\000u\000l\000e}{section.2.2}% 53
\BOOKMARK [3][-]{subsubsection*.410}{\376\377\000C\000o\000n\000v\000e\000r\000t\000D\000a\000t\000e\000.\000p\000y\000\040\000-\000\040\000C\000L\000I\000\040\000i\000n\000t\000e\000r\000f\000a\000c\000e}{subsection.2.2.7}% 54
\BOOKMARK [4][-]{paragraph*.411}{\376\377\000C\000o\000n\000v\000e\000r\000t\000D\000a\000t\000e\000.\000p\000y\000\040\000p\000o\000s\000i\000t\000i\000o\000n\000a\000l\000\040\000a\000r\000g\000u\000m\000e\000n\000t\000s}{subsubsection*.410}% 55
\BOOKMARK [4][-]{paragraph*.412}{\376\377\000C\000o\000n\000v\000e\000r\000t\000D\000a\000t\000e\000.\000p\000y\000\040\000o\000p\000t\000i\000o\000n\000s}{subsubsection*.410}% 56
\BOOKMARK [2][-]{subsection.2.2.8}{\376\377\000c\000o\000m\000.\000C\000o\000n\000v\000e\000r\000t\000T\000r\000i\000m\000b\000l\000e\000\040\000m\000o\000d\000u\000l\000e}{section.2.2}% 57
\BOOKMARK [3][-]{subsubsection*.414}{\376\377\000C\000o\000n\000v\000e\000r\000t\000T\000r\000i\000m\000b\000l\000e\000.\000p\000y\000\040\000-\000\040\000C\000L\000I\000\040\000i\000n\000t\000e\000r\000f\000a\000c\000e}{subsection.2.2.8}% 58
\BOOKMARK [4][-]{paragraph*.415}{\376\377\000C\000o\000n\000v\000e\000r\000t\000T\000r\000i\000m\000b\000l\000e\000.\000p\000y\000\040\000p\000o\000s\000i\000t\000i\000o\000n\000a\000l\000\040\000a\000r\000g\000u\000m\000e\000n\000t\000s}{subsubsection*.414}% 59
\BOOKMARK [4][-]{paragraph*.416}{\376\377\000C\000o\000n\000v\000e\000r\000t\000T\000r\000i\000m\000b\000l\000e\000.\000p\000y\000\040\000o\000p\000t\000i\000o\000n\000s}{subsubsection*.414}% 60
\BOOKMARK [2][-]{subsection.2.2.9}{\376\377\000c\000o\000m\000.\000D\000o\000w\000n\000l\000o\000a\000d\000S\000o\000u\000r\000c\000e\000s\000\040\000m\000o\000d\000u\000l\000e}{section.2.2}% 61
\BOOKMARK [3][-]{subsubsection*.538}{\376\377\000D\000o\000w\000n\000l\000o\000a\000d\000S\000o\000u\000r\000c\000e\000s\000.\000p\000y\000\040\000-\000\040\000C\000L\000I\000\040\000i\000n\000t\000e\000r\000f\000a\000c\000e}{subsection.2.2.9}% 62
\BOOKMARK [4][-]{paragraph*.539}{\376\377\000D\000o\000w\000n\000l\000o\000a\000d\000S\000o\000u\000r\000c\000e\000s\000.\000p\000y\000\040\000p\000o\000s\000i\000t\000i\000o\000n\000a\000l\000\040\000a\000r\000g\000u\000m\000e\000n\000t\000s}{subsubsection*.538}% 63
\BOOKMARK [4][-]{paragraph*.540}{\376\377\000D\000o\000w\000n\000l\000o\000a\000d\000S\000o\000u\000r\000c\000e\000s\000.\000p\000y\000\040\000o\000p\000t\000i\000o\000n\000s}{subsubsection*.538}% 64
\BOOKMARK [2][-]{subsection.2.2.10}{\376\377\000c\000o\000m\000.\000D\000o\000w\000n\000l\000o\000a\000d\000S\000o\000u\000r\000c\000e\000s\000F\000i\000l\000l\000\040\000m\000o\000d\000u\000l\000e}{section.2.2}% 65
\BOOKMARK [3][-]{subsubsection*.545}{\376\377\000D\000o\000w\000n\000l\000o\000a\000d\000S\000o\000u\000r\000c\000e\000s\000F\000i\000l\000l\000.\000p\000y\000\040\000-\000\040\000C\000L\000I\000\040\000i\000n\000t\000e\000r\000f\000a\000c\000e}{subsection.2.2.10}% 66
\BOOKMARK [4][-]{paragraph*.546}{\376\377\000D\000o\000w\000n\000l\000o\000a\000d\000S\000o\000u\000r\000c\000e\000s\000F\000i\000l\000l\000.\000p\000y\000\040\000p\000o\000s\000i\000t\000i\000o\000n\000a\000l\000\040\000a\000r\000g\000u\000m\000e\000n\000t\000s}{subsubsection*.545}% 67
\BOOKMARK [4][-]{paragraph*.547}{\376\377\000D\000o\000w\000n\000l\000o\000a\000d\000S\000o\000u\000r\000c\000e\000s\000F\000i\000l\000l\000.\000p\000y\000\040\000o\000p\000t\000i\000o\000n\000s}{subsubsection*.545}% 68
\BOOKMARK [2][-]{subsection.2.2.11}{\376\377\000c\000o\000m\000.\000G\000e\000n\000e\000r\000a\000t\000e\000S\000i\000n\000e\000x\000\040\000m\000o\000d\000u\000l\000e}{section.2.2}% 69
\BOOKMARK [3][-]{subsubsection*.552}{\376\377\000G\000e\000n\000e\000r\000a\000t\000e\000S\000i\000n\000e\000x\000.\000p\000y\000\040\000-\000\040\000C\000L\000I\000\040\000i\000n\000t\000e\000r\000f\000a\000c\000e}{subsection.2.2.11}% 70
\BOOKMARK [4][-]{paragraph*.553}{\376\377\000G\000e\000n\000e\000r\000a\000t\000e\000S\000i\000n\000e\000x\000.\000p\000y\000\040\000p\000o\000s\000i\000t\000i\000o\000n\000a\000l\000\040\000a\000r\000g\000u\000m\000e\000n\000t\000s}{subsubsection*.552}% 71
\BOOKMARK [4][-]{paragraph*.554}{\376\377\000G\000e\000n\000e\000r\000a\000t\000e\000S\000i\000n\000e\000x\000.\000p\000y\000\040\000o\000p\000t\000i\000o\000n\000s}{subsubsection*.552}% 72
\BOOKMARK [2][-]{subsection.2.2.12}{\376\377\000c\000o\000m\000.\000I\000n\000t\000e\000g\000r\000i\000t\000y\000C\000h\000e\000c\000k\000\040\000m\000o\000d\000u\000l\000e}{section.2.2}% 73
\BOOKMARK [3][-]{subsubsection*.572}{\376\377\000I\000n\000t\000e\000g\000r\000i\000t\000y\000C\000h\000e\000c\000k\000.\000p\000y\000\040\000-\000\040\000C\000L\000I\000\040\000i\000n\000t\000e\000r\000f\000a\000c\000e}{subsection.2.2.12}% 74
\BOOKMARK [4][-]{paragraph*.573}{\376\377\000I\000n\000t\000e\000g\000r\000i\000t\000y\000C\000h\000e\000c\000k\000.\000p\000y\000\040\000p\000o\000s\000i\000t\000i\000o\000n\000a\000l\000\040\000a\000r\000g\000u\000m\000e\000n\000t\000s}{subsubsection*.572}% 75
\BOOKMARK [4][-]{paragraph*.574}{\376\377\000I\000n\000t\000e\000g\000r\000i\000t\000y\000C\000h\000e\000c\000k\000.\000p\000y\000\040\000o\000p\000t\000i\000o\000n\000s}{subsubsection*.572}% 76
\BOOKMARK [2][-]{subsection.2.2.13}{\376\377\000c\000o\000m\000.\000L\000o\000c\000a\000t\000e\000R\000i\000n\000e\000x\000\040\000m\000o\000d\000u\000l\000e}{section.2.2}% 77
\BOOKMARK [3][-]{subsubsection*.577}{\376\377\000L\000o\000c\000a\000t\000e\000R\000i\000n\000e\000x\000.\000p\000y\000\040\000-\000\040\000C\000L\000I\000\040\000i\000n\000t\000e\000r\000f\000a\000c\000e}{subsection.2.2.13}% 78
\BOOKMARK [4][-]{paragraph*.578}{\376\377\000L\000o\000c\000a\000t\000e\000R\000i\000n\000e\000x\000.\000p\000y\000\040\000p\000o\000s\000i\000t\000i\000o\000n\000a\000l\000\040\000a\000r\000g\000u\000m\000e\000n\000t\000s}{subsubsection*.577}% 79
\BOOKMARK [4][-]{paragraph*.579}{\376\377\000L\000o\000c\000a\000t\000e\000R\000i\000n\000e\000x\000.\000p\000y\000\040\000o\000p\000t\000i\000o\000n\000s}{subsubsection*.577}% 80
\BOOKMARK [2][-]{subsection.2.2.14}{\376\377\000c\000o\000m\000.\000O\000T\000L\000\137\000F\000E\000S\0002\0000\0001\0004\000b\000\040\000m\000o\000d\000u\000l\000e}{section.2.2}% 81
\BOOKMARK [3][-]{subsubsection*.586}{\376\377\000O\000T\000L\000\137\000F\000E\000S\0002\0000\0001\0004\000b\000.\000p\000y\000\040\000-\000\040\000C\000L\000I\000\040\000i\000n\000t\000e\000r\000f\000a\000c\000e}{subsection.2.2.14}% 82
\BOOKMARK [4][-]{paragraph*.587}{\376\377\000O\000T\000L\000\137\000F\000E\000S\0002\0000\0001\0004\000b\000.\000p\000y\000\040\000o\000p\000t\000i\000o\000n\000s}{subsubsection*.586}% 83
\BOOKMARK [2][-]{subsection.2.2.15}{\376\377\000c\000o\000m\000.\000P\000l\000o\000t\000E\000T\000M\000\040\000m\000o\000d\000u\000l\000e}{section.2.2}% 84
\BOOKMARK [3][-]{subsubsection*.590}{\376\377\000P\000l\000o\000t\000E\000T\000M\000.\000p\000y\000\040\000-\000\040\000C\000L\000I\000\040\000i\000n\000t\000e\000r\000f\000a\000c\000e}{subsection.2.2.15}% 85
\BOOKMARK [4][-]{paragraph*.591}{\376\377\000P\000l\000o\000t\000E\000T\000M\000.\000p\000y\000\040\000p\000o\000s\000i\000t\000i\000o\000n\000a\000l\000\040\000a\000r\000g\000u\000m\000e\000n\000t\000s}{subsubsection*.590}% 86
\BOOKMARK [4][-]{paragraph*.592}{\376\377\000P\000l\000o\000t\000E\000T\000M\000.\000p\000y\000\040\000o\000p\000t\000i\000o\000n\000s}{subsubsection*.590}% 87
\BOOKMARK [2][-]{subsection.2.2.16}{\376\377\000c\000o\000m\000.\000P\000l\000o\000t\000M\000a\000p\000V\000i\000e\000w\000\040\000m\000o\000d\000u\000l\000e}{section.2.2}% 88
\BOOKMARK [3][-]{subsubsection*.596}{\376\377\000P\000l\000o\000t\000M\000a\000p\000V\000i\000e\000w\000.\000p\000y\000\040\000-\000\040\000C\000L\000I\000\040\000i\000n\000t\000e\000r\000f\000a\000c\000e}{subsection.2.2.16}% 89
\BOOKMARK [4][-]{paragraph*.597}{\376\377\000P\000l\000o\000t\000M\000a\000p\000V\000i\000e\000w\000.\000p\000y\000\040\000p\000o\000s\000i\000t\000i\000o\000n\000a\000l\000\040\000a\000r\000g\000u\000m\000e\000n\000t\000s}{subsubsection*.596}% 90
\BOOKMARK [4][-]{paragraph*.598}{\376\377\000P\000l\000o\000t\000M\000a\000p\000V\000i\000e\000w\000.\000p\000y\000\040\000o\000p\000t\000i\000o\000n\000s}{subsubsection*.596}% 91
\BOOKMARK [2][-]{subsection.2.2.17}{\376\377\000c\000o\000m\000.\000Q\000u\000e\000r\000y\000E\000T\000M\000\040\000m\000o\000d\000u\000l\000e}{section.2.2}% 92
\BOOKMARK [3][-]{subsubsection*.601}{\376\377\000Q\000u\000e\000r\000y\000E\000T\000M\000.\000p\000y\000\040\000-\000\040\000C\000L\000I\000\040\000i\000n\000t\000e\000r\000f\000a\000c\000e}{subsection.2.2.17}% 93
\BOOKMARK [4][-]{paragraph*.602}{\376\377\000Q\000u\000e\000r\000y\000E\000T\000M\000.\000p\000y\000\040\000p\000o\000s\000i\000t\000i\000o\000n\000a\000l\000\040\000a\000r\000g\000u\000m\000e\000n\000t\000s}{subsubsection*.601}% 94
\BOOKMARK [4][-]{paragraph*.603}{\376\377\000Q\000u\000e\000r\000y\000E\000T\000M\000.\000p\000y\000\040\000o\000p\000t\000i\000o\000n\000s}{subsubsection*.601}% 95
\BOOKMARK [2][-]{subsection.2.2.18}{\376\377\000c\000o\000m\000.\000R\000e\000a\000d\000P\000a\000c\000k\000a\000g\000e\000\040\000m\000o\000d\000u\000l\000e}{section.2.2}% 96
\BOOKMARK [3][-]{subsubsection*.608}{\376\377\000R\000e\000a\000d\000P\000a\000c\000k\000a\000g\000e\000.\000p\000y\000\040\000-\000\040\000C\000L\000I\000\040\000i\000n\000t\000e\000r\000f\000a\000c\000e}{subsection.2.2.18}% 97
\BOOKMARK [4][-]{paragraph*.609}{\376\377\000R\000e\000a\000d\000P\000a\000c\000k\000a\000g\000e\000.\000p\000y\000\040\000p\000o\000s\000i\000t\000i\000o\000n\000a\000l\000\040\000a\000r\000g\000u\000m\000e\000n\000t\000s}{subsubsection*.608}% 98
\BOOKMARK [4][-]{paragraph*.610}{\376\377\000R\000e\000a\000d\000P\000a\000c\000k\000a\000g\000e\000.\000p\000y\000\040\000o\000p\000t\000i\000o\000n\000s}{subsubsection*.608}% 99
\BOOKMARK [2][-]{subsection.2.2.19}{\376\377\000c\000o\000m\000.\000R\000e\000a\000d\000\137\000M\000-\000f\000i\000l\000e\000\040\000m\000o\000d\000u\000l\000e}{section.2.2}% 100
\BOOKMARK [2][-]{subsection.2.2.20}{\376\377\000c\000o\000m\000.\000S\000c\000a\000n\000A\000r\000c\000h\000i\000v\000e\000\040\000m\000o\000d\000u\000l\000e}{section.2.2}% 101
\BOOKMARK [3][-]{subsubsection*.636}{\376\377\000S\000c\000a\000n\000A\000r\000c\000h\000i\000v\000e\000.\000p\000y\000\040\000-\000\040\000C\000L\000I\000\040\000i\000n\000t\000e\000r\000f\000a\000c\000e}{subsection.2.2.20}% 102
\BOOKMARK [4][-]{paragraph*.637}{\376\377\000S\000c\000a\000n\000A\000r\000c\000h\000i\000v\000e\000.\000p\000y\000\040\000p\000o\000s\000i\000t\000i\000o\000n\000a\000l\000\040\000a\000r\000g\000u\000m\000e\000n\000t\000s}{subsubsection*.636}% 103
\BOOKMARK [4][-]{paragraph*.638}{\376\377\000S\000c\000a\000n\000A\000r\000c\000h\000i\000v\000e\000.\000p\000y\000\040\000o\000p\000t\000i\000o\000n\000s}{subsubsection*.636}% 104
\BOOKMARK [2][-]{subsection.2.2.21}{\376\377\000c\000o\000m\000.\000S\000t\000a\000t\000i\000o\000n\000I\000n\000f\000o\000E\000d\000i\000t\000\040\000m\000o\000d\000u\000l\000e}{section.2.2}% 105
\BOOKMARK [2][-]{subsection.2.2.22}{\376\377\000c\000o\000m\000.\000S\000y\000n\000c\000O\000r\000b\000i\000t\000s\000\040\000m\000o\000d\000u\000l\000e}{section.2.2}% 106
\BOOKMARK [3][-]{subsubsection*.653}{\376\377\000S\000y\000n\000c\000O\000r\000b\000i\000t\000s\000.\000p\000y\000\040\000-\000\040\000C\000L\000I\000\040\000i\000n\000t\000e\000r\000f\000a\000c\000e}{subsection.2.2.22}% 107
\BOOKMARK [4][-]{paragraph*.654}{\376\377\000S\000y\000n\000c\000O\000r\000b\000i\000t\000s\000.\000p\000y\000\040\000o\000p\000t\000i\000o\000n\000s}{subsubsection*.653}% 108
\BOOKMARK [2][-]{subsection.2.2.23}{\376\377\000c\000o\000m\000.\000T\000r\000a\000j\000e\000c\000t\000o\000r\000y\000F\000i\000t\000\040\000m\000o\000d\000u\000l\000e}{section.2.2}% 109
\BOOKMARK [3][-]{subsubsection*.660}{\376\377\000T\000r\000a\000j\000e\000c\000t\000o\000r\000y\000F\000i\000t\000.\000p\000y\000\040\000-\000\040\000C\000L\000I\000\040\000i\000n\000t\000e\000r\000f\000a\000c\000e}{subsection.2.2.23}% 110
\BOOKMARK [4][-]{paragraph*.661}{\376\377\000T\000r\000a\000j\000e\000c\000t\000o\000r\000y\000F\000i\000t\000.\000p\000y\000\040\000p\000o\000s\000i\000t\000i\000o\000n\000a\000l\000\040\000a\000r\000g\000u\000m\000e\000n\000t\000s}{subsubsection*.660}% 111
\BOOKMARK [4][-]{paragraph*.662}{\376\377\000T\000r\000a\000j\000e\000c\000t\000o\000r\000y\000F\000i\000t\000.\000p\000y\000\040\000o\000p\000t\000i\000o\000n\000s}{subsubsection*.660}% 112
\BOOKMARK [2][-]{subsection.2.2.24}{\376\377\000c\000o\000m\000.\000U\000p\000d\000a\000t\000e\000E\000a\000r\000t\000h\000q\000u\000a\000k\000e\000s\000\040\000m\000o\000d\000u\000l\000e}{section.2.2}% 113
\BOOKMARK [2][-]{subsection.2.2.25}{\376\377\000c\000o\000m\000.\000Z\000t\000d\0002\000t\000r\000p\000\040\000m\000o\000d\000u\000l\000e}{section.2.2}% 114
\BOOKMARK [3][-]{subsubsection*.667}{\376\377\000Z\000t\000d\0002\000t\000r\000p\000.\000p\000y\000\040\000-\000\040\000C\000L\000I\000\040\000i\000n\000t\000e\000r\000f\000a\000c\000e}{subsection.2.2.25}% 115
\BOOKMARK [4][-]{paragraph*.668}{\376\377\000Z\000t\000d\0002\000t\000r\000p\000.\000p\000y\000\040\000p\000o\000s\000i\000t\000i\000o\000n\000a\000l\000\040\000a\000r\000g\000u\000m\000e\000n\000t\000s}{subsubsection*.667}% 116
\BOOKMARK [4][-]{paragraph*.669}{\376\377\000Z\000t\000d\0002\000t\000r\000p\000.\000p\000y\000\040\000o\000p\000t\000i\000o\000n\000s}{subsubsection*.667}% 117
\BOOKMARK [2][-]{subsection.2.2.26}{\376\377\000c\000o\000m\000.\000a\000m\000e\000n\000d\000\040\000m\000o\000d\000u\000l\000e}{section.2.2}% 118
\BOOKMARK [2][-]{subsection.2.2.27}{\376\377\000c\000o\000m\000.\000a\000w\000s\000-\000s\000y\000n\000c\000\040\000m\000o\000d\000u\000l\000e}{section.2.2}% 119
\BOOKMARK [2][-]{subsection.2.2.28}{\376\377\000c\000o\000m\000.\000g\000a\000m\000i\000t\000\137\000s\000t\000a\000t\000s\000\040\000m\000o\000d\000u\000l\000e}{section.2.2}% 120
\BOOKMARK [2][-]{subsection.2.2.29}{\376\377\000c\000o\000m\000.\000l\000o\000a\000d\000\137\000g\0002\000\137\000a\000p\000r\000s\000\040\000m\000o\000d\000u\000l\000e}{section.2.2}% 121
\BOOKMARK [2][-]{subsection.2.2.30}{\376\377\000c\000o\000m\000.\000t\000e\000s\000t\000\137\000p\000r\000o\000c\000\040\000m\000o\000d\000u\000l\000e}{section.2.2}% 122
\BOOKMARK [2][-]{subsection.2.2.31}{\376\377\000M\000o\000d\000u\000l\000e\000\040\000c\000o\000n\000t\000e\000n\000t\000s}{section.2.2}% 123
\BOOKMARK [1][-]{section.2.3}{\376\377\000p\000a\000r\000a\000l\000l\000e\000l\000\137\000g\000a\000m\000i\000t\000\040\000p\000a\000c\000k\000a\000g\000e}{chapter.2}% 124
\BOOKMARK [2][-]{subsection.2.3.1}{\376\377\000S\000u\000b\000m\000o\000d\000u\000l\000e\000s}{section.2.3}% 125
\BOOKMARK [2][-]{subsection.2.3.2}{\376\377\000p\000a\000r\000a\000l\000l\000e\000l\000\137\000g\000a\000m\000i\000t\000.\000G\000e\000n\000e\000r\000a\000t\000e\000K\000m\000l\000\040\000m\000o\000d\000u\000l\000e}{section.2.3}% 126
\BOOKMARK [3][-]{subsubsection*.690}{\376\377\000G\000e\000n\000e\000r\000a\000t\000e\000K\000m\000l\000.\000p\000y\000\040\000-\000\040\000C\000L\000I\000\040\000i\000n\000t\000e\000r\000f\000a\000c\000e}{subsection.2.3.2}% 127
\BOOKMARK [4][-]{paragraph*.691}{\376\377\000G\000e\000n\000e\000r\000a\000t\000e\000K\000m\000l\000.\000p\000y\000\040\000p\000o\000s\000i\000t\000i\000o\000n\000a\000l\000\040\000a\000r\000g\000u\000m\000e\000n\000t\000s}{subsubsection*.690}% 128
\BOOKMARK [4][-]{paragraph*.692}{\376\377\000G\000e\000n\000e\000r\000a\000t\000e\000K\000m\000l\000.\000p\000y\000\040\000o\000p\000t\000i\000o\000n\000s}{subsubsection*.690}% 129
\BOOKMARK [2][-]{subsection.2.3.3}{\376\377\000p\000a\000r\000a\000l\000l\000e\000l\000\137\000g\000a\000m\000i\000t\000.\000S\000t\000a\000t\000i\000o\000n\000L\000i\000s\000t\000\040\000m\000o\000d\000u\000l\000e}{section.2.3}% 130
\BOOKMARK [2][-]{subsection.2.3.4}{\376\377\000p\000a\000r\000a\000l\000l\000e\000l\000\137\000g\000a\000m\000i\000t\000.\000W\000e\000e\000k\000l\000y\000C\000o\000m\000b\000i\000n\000a\000t\000i\000o\000n\000\040\000m\000o\000d\000u\000l\000e}{section.2.3}% 131
\BOOKMARK [3][-]{subsubsection*.706}{\376\377\000W\000e\000e\000k\000l\000y\000C\000o\000m\000b\000i\000n\000a\000t\000i\000o\000n\000.\000p\000y\000\040\000-\000\040\000C\000L\000I\000\040\000i\000n\000t\000e\000r\000f\000a\000c\000e}{subsection.2.3.4}% 132
\BOOKMARK [4][-]{paragraph*.707}{\376\377\000W\000e\000e\000k\000l\000y\000C\000o\000m\000b\000i\000n\000a\000t\000i\000o\000n\000.\000p\000y\000\040\000p\000o\000s\000i\000t\000i\000o\000n\000a\000l\000\040\000a\000r\000g\000u\000m\000e\000n\000t\000s}{subsubsection*.706}% 133
\BOOKMARK [4][-]{paragraph*.708}{\376\377\000W\000e\000e\000k\000l\000y\000C\000o\000m\000b\000i\000n\000a\000t\000i\000o\000n\000.\000p\000y\000\040\000o\000p\000t\000i\000o\000n\000s}{subsubsection*.706}% 134
\BOOKMARK [2][-]{subsection.2.3.5}{\376\377\000p\000a\000r\000a\000l\000l\000e\000l\000\137\000g\000a\000m\000i\000t\000.\000p\000l\000o\000t\000s\000\040\000m\000o\000d\000u\000l\000e}{section.2.3}% 135
\BOOKMARK [2][-]{subsection.2.3.6}{\376\377\000p\000a\000r\000a\000l\000l\000e\000l\000\137\000g\000a\000m\000i\000t\000.\000p\000y\000G\000a\000m\000i\000t\000C\000o\000n\000f\000i\000g\000\040\000m\000o\000d\000u\000l\000e}{section.2.3}% 136
\BOOKMARK [2][-]{subsection.2.3.7}{\376\377\000p\000a\000r\000a\000l\000l\000e\000l\000\137\000g\000a\000m\000i\000t\000.\000p\000y\000G\000a\000m\000i\000t\000S\000e\000s\000s\000i\000o\000n\000\040\000m\000o\000d\000u\000l\000e}{section.2.3}% 137
\BOOKMARK [2][-]{subsection.2.3.8}{\376\377\000p\000a\000r\000a\000l\000l\000e\000l\000\137\000g\000a\000m\000i\000t\000.\000p\000y\000G\000a\000m\000i\000t\000T\000a\000s\000k\000\040\000m\000o\000d\000u\000l\000e}{section.2.3}% 138
\BOOKMARK [2][-]{subsection.2.3.9}{\376\377\000p\000a\000r\000a\000l\000l\000e\000l\000\137\000g\000a\000m\000i\000t\000.\000p\000y\000G\000l\000o\000b\000k\000T\000a\000s\000k\000\040\000m\000o\000d\000u\000l\000e}{section.2.3}% 139
\BOOKMARK [2][-]{subsection.2.3.10}{\376\377\000p\000a\000r\000a\000l\000l\000e\000l\000\137\000g\000a\000m\000i\000t\000.\000p\000y\000N\000e\000t\000w\000o\000r\000k\000\040\000m\000o\000d\000u\000l\000e}{section.2.3}% 140
\BOOKMARK [2][-]{subsection.2.3.11}{\376\377\000p\000a\000r\000a\000l\000l\000e\000l\000\137\000g\000a\000m\000i\000t\000.\000p\000y\000P\000a\000r\000a\000l\000l\000e\000l\000G\000a\000m\000i\000t\000\040\000m\000o\000d\000u\000l\000e}{section.2.3}% 141
\BOOKMARK [3][-]{subsubsection*.766}{\376\377\000p\000y\000P\000a\000r\000a\000l\000l\000e\000l\000G\000a\000m\000i\000t\000.\000p\000y\000\040\000-\000\040\000C\000L\000I\000\040\000i\000n\000t\000e\000r\000f\000a\000c\000e}{subsection.2.3.11}% 142
\BOOKMARK [4][-]{paragraph*.767}{\376\377\000p\000y\000P\000a\000r\000a\000l\000l\000e\000l\000G\000a\000m\000i\000t\000.\000p\000y\000\040\000p\000o\000s\000i\000t\000i\000o\000n\000a\000l\000\040\000a\000r\000g\000u\000m\000e\000n\000t\000s}{subsubsection*.766}% 143
\BOOKMARK [4][-]{paragraph*.768}{\376\377\000p\000y\000P\000a\000r\000a\000l\000l\000e\000l\000G\000a\000m\000i\000t\000.\000p\000y\000\040\000o\000p\000t\000i\000o\000n\000s}{subsubsection*.766}% 144
\BOOKMARK [2][-]{subsection.2.3.12}{\376\377\000p\000a\000r\000a\000l\000l\000e\000l\000\137\000g\000a\000m\000i\000t\000.\000p\000y\000P\000a\000r\000s\000e\000Z\000T\000D\000\040\000m\000o\000d\000u\000l\000e}{section.2.3}% 145
\BOOKMARK [2][-]{subsection.2.3.13}{\376\377\000p\000a\000r\000a\000l\000l\000e\000l\000\137\000g\000a\000m\000i\000t\000.\000p\000y\000S\000t\000a\000t\000i\000o\000n\000\040\000m\000o\000d\000u\000l\000e}{section.2.3}% 146
\BOOKMARK [2][-]{subsection.2.3.14}{\376\377\000p\000a\000r\000a\000l\000l\000e\000l\000\137\000g\000a\000m\000i\000t\000.\000t\000e\000s\000t\000\137\000v\000o\000r\000o\000n\000o\000i\000\040\000m\000o\000d\000u\000l\000e}{section.2.3}% 147
\BOOKMARK [3][-]{subsubsection*.803}{\376\377\000t\000e\000s\000t\000\137\000v\000o\000r\000o\000n\000o\000i\000.\000p\000y\000\040\000-\000\040\000C\000L\000I\000\040\000i\000n\000t\000e\000r\000f\000a\000c\000e}{subsection.2.3.14}% 148
\BOOKMARK [4][-]{paragraph*.804}{\376\377\000t\000e\000s\000t\000\137\000v\000o\000r\000o\000n\000o\000i\000.\000p\000y\000\040\000p\000o\000s\000i\000t\000i\000o\000n\000a\000l\000\040\000a\000r\000g\000u\000m\000e\000n\000t\000s}{subsubsection*.803}% 149
\BOOKMARK [4][-]{paragraph*.805}{\376\377\000t\000e\000s\000t\000\137\000v\000o\000r\000o\000n\000o\000i\000.\000p\000y\000\040\000o\000p\000t\000i\000o\000n\000s}{subsubsection*.803}% 150
\BOOKMARK [2][-]{subsection.2.3.15}{\376\377\000p\000a\000r\000a\000l\000l\000e\000l\000\137\000g\000a\000m\000i\000t\000.\000u\000t\000i\000l\000s\000\040\000m\000o\000d\000u\000l\000e}{section.2.3}% 151
\BOOKMARK [2][-]{subsection.2.3.16}{\376\377\000M\000o\000d\000u\000l\000e\000\040\000c\000o\000n\000t\000e\000n\000t\000s}{section.2.3}% 152
\BOOKMARK [1][-]{section.2.4}{\376\377\000s\000c\000r\000i\000p\000t\000s\000\040\000p\000a\000c\000k\000a\000g\000e}{chapter.2}% 153
\BOOKMARK [2][-]{subsection.2.4.1}{\376\377\000S\000u\000b\000p\000a\000c\000k\000a\000g\000e\000s}{section.2.4}% 154
\BOOKMARK [3][-]{subsubsection*.806}{\376\377\000s\000c\000r\000i\000p\000t\000s\000.\000f\000o\000r\000m\000a\000t\000\137\000s\000c\000r\000i\000p\000t\000s\000\040\000p\000a\000c\000k\000a\000g\000e}{subsection.2.4.1}% 155
\BOOKMARK [4][-]{paragraph*.807}{\376\377\000S\000u\000b\000m\000o\000d\000u\000l\000e\000s}{subsubsection*.806}% 156
\BOOKMARK [4][-]{paragraph*.808}{\376\377\000s\000c\000r\000i\000p\000t\000s\000.\000f\000o\000r\000m\000a\000t\000\137\000s\000c\000r\000i\000p\000t\000s\000.\000c\000h\000i\000l\000e\000\040\000m\000o\000d\000u\000l\000e}{subsubsection*.806}% 157
\BOOKMARK [4][-]{paragraph*.809}{\376\377\000s\000c\000r\000i\000p\000t\000s\000.\000f\000o\000r\000m\000a\000t\000\137\000s\000c\000r\000i\000p\000t\000s\000.\000i\000b\000g\000e\000\040\000m\000o\000d\000u\000l\000e}{subsubsection*.806}% 158
\BOOKMARK [4][-]{paragraph*.810}{\376\377\000s\000c\000r\000i\000p\000t\000s\000.\000f\000o\000r\000m\000a\000t\000\137\000s\000c\000r\000i\000p\000t\000s\000.\000i\000g\000a\000c\000\040\000m\000o\000d\000u\000l\000e}{subsubsection*.806}% 159
\BOOKMARK [4][-]{paragraph*.811}{\376\377\000s\000c\000r\000i\000p\000t\000s\000.\000f\000o\000r\000m\000a\000t\000\137\000s\000c\000r\000i\000p\000t\000s\000.\000r\000n\000x\0002\000c\000r\000z\000\040\000m\000o\000d\000u\000l\000e}{subsubsection*.806}% 160
\BOOKMARK [4][-]{paragraph*.812}{\376\377\000s\000c\000r\000i\000p\000t\000s\000.\000f\000o\000r\000m\000a\000t\000\137\000s\000c\000r\000i\000p\000t\000s\000.\000t\000r\000i\000m\000b\000l\000e\000\040\000m\000o\000d\000u\000l\000e}{subsubsection*.806}% 161
\BOOKMARK [4][-]{paragraph*.813}{\376\377\000s\000c\000r\000i\000p\000t\000s\000.\000f\000o\000r\000m\000a\000t\000\137\000s\000c\000r\000i\000p\000t\000s\000.\000u\000r\000u\000g\000u\000a\000y\000\040\000m\000o\000d\000u\000l\000e}{subsubsection*.806}% 162
\BOOKMARK [4][-]{paragraph*.814}{\376\377\000M\000o\000d\000u\000l\000e\000\040\000c\000o\000n\000t\000e\000n\000t\000s}{subsubsection*.806}% 163
\BOOKMARK [2][-]{subsection.2.4.2}{\376\377\000M\000o\000d\000u\000l\000e\000\040\000c\000o\000n\000t\000e\000n\000t\000s}{section.2.4}% 164
\BOOKMARK [1][-]{section.2.5}{\376\377\000s\000t\000a\000c\000k\000e\000r\000\040\000p\000a\000c\000k\000a\000g\000e}{chapter.2}% 165
\BOOKMARK [2][-]{subsection.2.5.1}{\376\377\000S\000u\000b\000m\000o\000d\000u\000l\000e\000s}{section.2.5}% 166
\BOOKMARK [2][-]{subsection.2.5.2}{\376\377\000s\000t\000a\000c\000k\000e\000r\000.\000F\000i\000x\000P\000l\000a\000t\000e\000\040\000m\000o\000d\000u\000l\000e}{section.2.5}% 167
\BOOKMARK [2][-]{subsection.2.5.3}{\376\377\000s\000t\000a\000c\000k\000e\000r\000.\000S\000t\000a\000c\000k\000e\000r\000\040\000m\000o\000d\000u\000l\000e}{section.2.5}% 168
\BOOKMARK [3][-]{subsubsection*.826}{\376\377\000S\000t\000a\000c\000k\000e\000r\000.\000p\000y\000\040\000-\000\040\000C\000L\000I\000\040\000i\000n\000t\000e\000r\000f\000a\000c\000e}{subsection.2.5.3}% 169
\BOOKMARK [4][-]{paragraph*.827}{\376\377\000S\000t\000a\000c\000k\000e\000r\000.\000p\000y\000\040\000p\000o\000s\000i\000t\000i\000o\000n\000a\000l\000\040\000a\000r\000g\000u\000m\000e\000n\000t\000s}{subsubsection*.826}% 170
\BOOKMARK [4][-]{paragraph*.828}{\376\377\000S\000t\000a\000c\000k\000e\000r\000.\000p\000y\000\040\000o\000p\000t\000i\000o\000n\000s}{subsubsection*.826}% 171
\BOOKMARK [2][-]{subsection.2.5.4}{\376\377\000s\000t\000a\000c\000k\000e\000r\000.\000p\000y\000D\000R\000A\000\040\000m\000o\000d\000u\000l\000e}{section.2.5}% 172
\BOOKMARK [3][-]{subsubsection*.837}{\376\377\000p\000y\000D\000R\000A\000.\000p\000y\000\040\000-\000\040\000C\000L\000I\000\040\000i\000n\000t\000e\000r\000f\000a\000c\000e}{subsection.2.5.4}% 173
\BOOKMARK [4][-]{paragraph*.838}{\376\377\000p\000y\000D\000R\000A\000.\000p\000y\000\040\000p\000o\000s\000i\000t\000i\000o\000n\000a\000l\000\040\000a\000r\000g\000u\000m\000e\000n\000t\000s}{subsubsection*.837}% 174
\BOOKMARK [4][-]{paragraph*.839}{\376\377\000p\000y\000D\000R\000A\000.\000p\000y\000\040\000o\000p\000t\000i\000o\000n\000s}{subsubsection*.837}% 175
\BOOKMARK [2][-]{subsection.2.5.5}{\376\377\000s\000t\000a\000c\000k\000e\000r\000.\000p\000y\000N\000E\000Q\000S\000t\000a\000c\000k\000\040\000m\000o\000d\000u\000l\000e}{section.2.5}% 176
\BOOKMARK [3][-]{subsubsection*.846}{\376\377\000p\000y\000N\000E\000Q\000S\000t\000a\000c\000k\000.\000p\000y\000\040\000-\000\040\000C\000L\000I\000\040\000i\000n\000t\000e\000r\000f\000a\000c\000e}{subsection.2.5.5}% 177
\BOOKMARK [4][-]{paragraph*.847}{\376\377\000p\000y\000N\000E\000Q\000S\000t\000a\000c\000k\000.\000p\000y\000\040\000p\000o\000s\000i\000t\000i\000o\000n\000a\000l\000\040\000a\000r\000g\000u\000m\000e\000n\000t\000s}{subsubsection*.846}% 178
\BOOKMARK [4][-]{paragraph*.848}{\376\377\000p\000y\000N\000E\000Q\000S\000t\000a\000c\000k\000.\000p\000y\000\040\000o\000p\000t\000i\000o\000n\000s}{subsubsection*.846}% 179
\BOOKMARK [2][-]{subsection.2.5.6}{\376\377\000s\000t\000a\000c\000k\000e\000r\000.\000p\000y\000S\000t\000a\000c\000k\000\040\000m\000o\000d\000u\000l\000e}{section.2.5}% 180
\BOOKMARK [2][-]{subsection.2.5.7}{\376\377\000M\000o\000d\000u\000l\000e\000\040\000c\000o\000n\000t\000e\000n\000t\000s}{section.2.5}% 181
\BOOKMARK [0][-]{section*.868}{\376\377\000P\000y\000t\000h\000o\000n\000\040\000M\000o\000d\000u\000l\000e\000\040\000I\000n\000d\000e\000x}{}% 182
\BOOKMARK [0][-]{section*.869}{\376\377\000I\000n\000d\000e\000x}{}% 183
